Frame 0
16 
Frame 1
16 1 
Frame 2
16 4 4 
Frame 3
16 4 6 4 
Frame 4
16 4 7 6 7 
Frame 5
16 4 7 6 7 10 
Frame 6
16 4 8 7 8 11 9 
Frame 7
16 4 8 7 8 11 11 10 
Time of model construct: 0
Num of total SAT Calls: 192
      Num of main solver SAT Calls: 162
      Num of inv solver SAT Calls: 11
      Num of start solver SAT Calls: 19
Time of total SAT Calls: 0.046875
      Time of main solver SAT Calls: 0.046875
      Time of inv solver SAT Calls: 0
      Time of start solver SAT Calls: 0
Num of clause contain: 76
Time of clause contain: 0
Num of clause contain success: 6
Clause contain successful rate: 0.0789474
Num of state contain: 163
Time of state contain: 0
Total Time: 0.109375
