Frame 0
36 
Frame 1
36 1 
Frame 2
36 9 9 
Frame 3
36 9 26 19 
Time of model construct: 0
Num of total SAT Calls: 154
      Num of main solver SAT Calls: 146
      Num of inv solver SAT Calls: 3
      Num of start solver SAT Calls: 5
Time of total SAT Calls: 0
      Time of main solver SAT Calls: 0
      Time of inv solver SAT Calls: 0
      Time of start solver SAT Calls: 0
Num of clause contain: 86
Time of clause contain: 0
Num of clause contain success: 11
Clause contain successful rate: 0.127907
Num of state contain: 135
Time of state contain: 0
Total Time: 0.28125
